<?xml version="1.0" encoding="UTF-8"?>
<!-- Generated by org.testng.reporters.JUnitReportReporter -->
<testsuite skipped="0" hostname="Pradip-pc" name="Office.MultipleLogin" tests="2" failures="0" timestamp="29 Jan 2019 13:09:06 GMT" time="1.031" errors="0">
  <testcase name="LoginP" time="0.594" classname="Office.MultipleLogin"/>
  <testcase name="LoginP" time="0.437" classname="Office.MultipleLogin"/>
</testsuite> <!-- Office.MultipleLogin -->
