<?xml version="1.0" encoding="UTF-8"?>
<!-- Generated by org.testng.reporters.JUnitReportReporter -->
<testsuite skipped="0" hostname="Pradip-pc" name="Office.ArchitectRegistration" tests="1" failures="0" timestamp="29 Jan 2019 13:09:06 GMT" time="32.887" errors="0">
  <testcase name="architectRegistration" time="32.887" classname="Office.ArchitectRegistration"/>
</testsuite> <!-- Office.ArchitectRegistration -->
